7월 20, 2020 10:33:48 오전 org.apache.catalina.core.AprLifecycleListener init
정보: The APR based Apache Tomcat Native library which allows optimal performance in production environments was not found on the java.library.path: C:\Program Files\Java\jdk1.8.0_241\bin;C:\Windows\Sun\Java\bin;C:\Windows\system32;C:\Windows;C:\Program Files (x86)\Common Files\Oracle\Java\javapath;C:\Windows\system32;C:\Windows;C:\Windows\System32\Wbem;C:\Windows\System32\WindowsPowerShell\v1.0\;C:\Windows\System32\OpenSSH\;C:\Program Files\Java\jdk1.8.0_241\bin\;C:\Program Files\Git\cmd;C:\Users\user\AppData\Local\Microsoft\WindowsApps;;.
7월 20, 2020 10:33:48 오전 org.apache.coyote.http11.Http11Protocol init
정보: Initializing Coyote HTTP/1.1 on http-8080
7월 20, 2020 10:33:48 오전 org.apache.catalina.startup.Catalina load
정보: Initialization processed in 398 ms
7월 20, 2020 10:33:48 오전 org.apache.catalina.core.StandardService start
정보: Starting service Catalina
7월 20, 2020 10:33:48 오전 org.apache.catalina.core.StandardEngine start
정보: Starting Servlet Engine: Apache Tomcat/6.0.53
7월 20, 2020 10:33:48 오전 org.apache.catalina.startup.HostConfig deployDirectory
정보: Deploying web application directory docs
7월 20, 2020 10:33:48 오전 org.apache.catalina.startup.HostConfig deployDirectory
정보: Deploying web application directory examples
7월 20, 2020 10:33:48 오전 org.apache.catalina.startup.HostConfig deployDirectory
정보: Deploying web application directory host-manager
7월 20, 2020 10:33:48 오전 org.apache.catalina.startup.HostConfig deployDirectory
정보: Deploying web application directory manager
7월 20, 2020 10:33:48 오전 org.apache.catalina.startup.HostConfig deployDirectory
정보: Deploying web application directory ROOT
7월 20, 2020 10:33:48 오전 org.apache.coyote.http11.Http11Protocol start
정보: Starting Coyote HTTP/1.1 on http-8080
7월 20, 2020 10:33:48 오전 org.apache.jk.common.ChannelSocket init
정보: JK: ajp13 listening on /0.0.0.0:8009
7월 20, 2020 10:33:48 오전 org.apache.jk.server.JkMain start
정보: Jk running ID=0 time=0/13  config=null
7월 20, 2020 10:33:48 오전 org.apache.catalina.startup.Catalina start
정보: Server startup in 438 ms
